gpl.cpp::main()
  input file(tests/t010.gpl)
  random seed(42)
  read_keypresses_from_standard_input(true)
  dump_pixels(false)
  symbol_table(true)
  graphics(true)

gpl.cpp::main() Calling yyparse()

variable T_PLUS_ASSIGN expression
variable T_PLUS_ASSIGN expression
left 0
right 33.33
total 33.330000
variable T_PLUS_ASSIGN expression
variable T_PLUS_ASSIGN expression
left 0
right 22
total 22.000000
variable T_PLUS_ASSIGN expression
variable T_PLUS_ASSIGN expression

gpl.cpp::main() after call to yyparse().


Printing the symbol table from main()
double lhs_double = 0
int lhs_int = 0
string lhs_string = ""
double rhs_double = 33.33
int rhs_int = 22
string rhs_string = "Blobo"
gpl.cpp::main() Calling window->initialize().


gpl.cpp::main() Passing control to window->main_loop().
print[11]: Plus-assign. h-key pressed
print[19]: Plus-assign. j-key pressed
print[26]: Plus-assign. k-key pressed

User quit program. Printing the symbol table.
double lhs_double = 22
int lhs_int = 22
string lhs_string = "33.330000"
double rhs_double = 33.33
int rhs_int = 22
string rhs_string = "Blobo"
