gpl.cpp::main()
  input file(tests/t032.gpl)
  random seed(42)
  read_keypresses_from_standard_input(false)
  dump_pixels(false)
  symbol_table(true)
  graphics(false)

gpl.cpp::main() Calling yyparse()


gpl.cpp::main() after call to yyparse().

No errors found (parser probably worked correctly).


Printing the symbol table from main()
string b = "Hello world"
string c = "Hello world"
string d = "Hello world"
string e = "Hello world"
string f = "Hello world"
string g = "Hello world"
string h = "Hello world"
string i = "Hello world"
Graphics is turned off by the Makefile.  Program exiting.

gpl.cpp::main() done.
