gpl.cpp::main()
  input file(tests/t122.gpl)
  random seed(42)
  read_keypresses_from_standard_input(false)
  dump_pixels(false)
  symbol_table(true)
  graphics(false)

gpl.cpp::main() Calling yyparse()


gpl.cpp::main() after call to yyparse().

No errors found (parser probably worked correctly).


Printing the symbol table from main()
int a[0] = 0
int a[1] = 0
int a[2] = 0
int a[3] = 0
int a[4] = 0
int a[5] = 0
int a[6] = 0
int a[7] = 0
int a[8] = 0
int a[9] = 0
int b = 0
int c = 0
Graphics is turned off by the Makefile.  Program exiting.

gpl.cpp::main() done.
