gpl.cpp::main()
  input file(tests/t144.gpl)
  random seed(42)
  read_keypresses_from_standard_input(false)
  dump_pixels(false)
  symbol_table(true)
  graphics(false)

gpl.cpp::main() Calling yyparse()


gpl.cpp::main() after call to yyparse().

No errors found (parser probably worked correctly).


Printing the symbol table from main()
int i = 0
int nums[0] = 0
int nums[1] = 0
int nums[2] = 0
int nums[3] = 0
int nums[4] = 0
int nums[5] = 0
int nums[6] = 0
int nums[7] = 0
int nums[8] = 0
int nums[9] = 0
int nums[10] = 0
int nums[11] = 0
int nums[12] = 0
int nums[13] = 0
int nums[14] = 0
int nums[15] = 0
int nums[16] = 0
int nums[17] = 0
int nums[18] = 0
int nums[19] = 0
int nums[20] = 0
int nums[21] = 0
int nums[22] = 0
int nums[23] = 0
int nums[24] = 0
int nums[25] = 0
int nums[26] = 0
int nums[27] = 0
int nums[28] = 0
int nums[29] = 0
int nums[30] = 0
int nums[31] = 0
int nums[32] = 0
int nums[33] = 0
int nums[34] = 0
int nums[35] = 0
int nums[36] = 0
int nums[37] = 0
int nums[38] = 0
int nums[39] = 0
int nums[40] = 0
int nums[41] = 0
int nums[42] = 0
int nums[43] = 0
int nums[44] = 0
int nums[45] = 0
int nums[46] = 0
int nums[47] = 0
int nums[48] = 0
int nums[49] = 0
int nums[50] = 0
int nums[51] = 0
int nums[52] = 0
int nums[53] = 0
int nums[54] = 0
int nums[55] = 0
int nums[56] = 0
int nums[57] = 0
int nums[58] = 0
int nums[59] = 0
int nums[60] = 0
int nums[61] = 0
int nums[62] = 0
int nums[63] = 0
int nums[64] = 0
int nums[65] = 0
int nums[66] = 0
int nums[67] = 0
int nums[68] = 0
int nums[69] = 0
int nums[70] = 0
int nums[71] = 0
int nums[72] = 0
int nums[73] = 0
int nums[74] = 0
int nums[75] = 0
int nums[76] = 0
int nums[77] = 0
int nums[78] = 0
int nums[79] = 0
int nums[80] = 0
int nums[81] = 0
int nums[82] = 0
int nums[83] = 0
int nums[84] = 0
int nums[85] = 0
int nums[86] = 0
int nums[87] = 0
int nums[88] = 0
int nums[89] = 0
int nums[90] = 0
int nums[91] = 0
int nums[92] = 0
int nums[93] = 0
int nums[94] = 0
int nums[95] = 0
int nums[96] = 0
int nums[97] = 0
int nums[98] = 0
int nums[99] = 0
Graphics is turned off by the Makefile.  Program exiting.

gpl.cpp::main() done.
