gpl.cpp::main()
  input file(tests/t149.gpl)
  random seed(42)
  read_keypresses_from_standard_input(false)
  dump_pixels(false)
  symbol_table(true)
  graphics(false)

gpl.cpp::main() Calling yyparse()


gpl.cpp::main() after call to yyparse().

No errors found (parser probably worked correctly).


Printing the symbol table from main()
int steps[0] = 42
int steps[1] = 42
int steps[2] = 42
int steps[3] = 42
int steps[4] = 42
int steps[5] = 42
int steps[6] = 42
int steps[7] = 42
int steps[8] = 42
int steps[9] = 42
int x = 0
Graphics is turned off by the Makefile.  Program exiting.

gpl.cpp::main() done.
