gpl.cpp::main()
  input file(tests/t195.gpl)
  random seed(42)
  read_keypresses_from_standard_input(false)
  dump_pixels(false)
  symbol_table(true)
  graphics(false)

gpl.cpp::main() Calling yyparse()


gpl.cpp::main() after call to yyparse().

No errors found (parser probably worked correctly).


Printing the symbol table from main()
double a = 1.1
double b = 2.2
double c = 3.3
double d = 4.4
double e = 5.5
double g = 0
double h = 0
double i = 0
double j = 0
double k = 0
double l = 0
Graphics is turned off by the Makefile.  Program exiting.

gpl.cpp::main() done.
