gpl.cpp::main()
  input file(tests/t197.gpl)
  random seed(42)
  read_keypresses_from_standard_input(false)
  dump_pixels(false)
  symbol_table(true)
  graphics(false)

gpl.cpp::main() Calling yyparse()


gpl.cpp::main() after call to yyparse().

No errors found (parser probably worked correctly).


Printing the symbol table from main()
double a = 1
double b = 2
double c = 3
double d = 4
double e = 5
double f = 6
double g = 7
double h = 8
double i = 9
double j = 10
double k = 11
double l = 12
double m = 13
double n = 14
double o = 15
double p = 16
double q = 17
double r = 18
double s = 19
double t = 20
double u = 21
double v = 22
double var000 = 0
double var001 = 0
double var002 = 4
double var003 = 30
double var004 = 1
double var005 = 1
double var006 = 11.9
double var007 = 1
double var008 = 1
double var009 = 1
double var010 = 1
double var011 = 0
double var012 = -13
double var013 = -2
double var014 = 1
double var015 = 8
double var016 = 0
double var017 = 1
double var018 = 0
double var019 = 1
double var020 = 0
double var021 = 0
double var022 = -nan
double var023 = 0
double var024 = 6
double var025 = -nan
double var026 = 0
double var027 = 1
double var028 = 1
double var029 = 1
double var030 = -1
double var031 = 1
double var032 = 23
double var033 = -nan
double var034 = 1
double var035 = 1
double var036 = inf
double var037 = 1
double var038 = 22
double var039 = 1
double var040 = -inf
double var041 = 0
double var042 = 1
double var043 = 0
double var044 = 1
double var045 = 1
double var046 = 0
double var047 = -1
double var048 = 0
double var049 = -nan
double var050 = -1
double var051 = 1
double var052 = 1
double var053 = -2
double var054 = -nan
double var055 = 1
double var056 = 0
double var057 = -9
double var058 = -nan
double var059 = 1
double var060 = 1
double var061 = 1
double var062 = 29
double var063 = -inf
double var064 = 1
double var065 = 350
double var066 = 1
double var067 = 1
double var068 = 0
double var069 = 1
double var070 = 13
double var071 = 1
double var072 = 34
double var073 = 20
double var074 = 1
double var075 = -inf
double var076 = 0
double var077 = 30
double var078 = 3
double var079 = 2
double var080 = 20.5
double var081 = 14
double var082 = 0
double var083 = -21
double var084 = -27
double var085 = 59
double var086 = 1
double var087 = inf
double var088 = 18
double var089 = 1
double var090 = -nan
double var091 = 23
double var092 = 0
double var093 = 0
double var094 = 0
double var095 = 1
double var096 = 1
double var097 = 0
double var098 = 0.041666
double var099 = 1
double var100 = -17
double var101 = inf
double var102 = 2
double var103 = -1
double var104 = 4
double var105 = 1
double var106 = 1
double var107 = 0
double var108 = 0
double var109 = 15
double var110 = 0
double var111 = -6
double var112 = 1
double var113 = 54
double var114 = 113
double var115 = 0
double var116 = 0
double var117 = inf
double var118 = 1
double var119 = -1
double var120 = 27
double var121 = -6
double var122 = 0
double var123 = 0
double var124 = 1
double var125 = 0
double var126 = 1
double var127 = 0
double var128 = 0
double var129 = 0.041666
double var130 = -17
double var131 = 24
double var132 = 1
double var133 = 1
double var134 = 11
double var135 = -0.11112
double var136 = inf
double var137 = 0
double var138 = 0
double var139 = 0
double var140 = 1
double var141 = 8
double var142 = 1
double var143 = 23
double var144 = 43
double var145 = 1
double var146 = 9410.52
double var147 = -nan
double var148 = 1
double var149 = 1
double var150 = 235
double var151 = 1
double var152 = 12
double var153 = 1
double var154 = 23
double var155 = -nan
double var156 = inf
double var157 = 0
double var158 = 1
double var159 = 0
double var160 = 23
double var161 = 13
double var162 = 1
double var163 = -21
double var164 = 1
double var165 = 0
double var166 = 0
double var167 = -15
double var168 = 0
double var169 = 11
double var170 = 26
double var171 = 9
double var172 = 1
double var173 = 26
double var174 = 1
double var175 = inf
double var176 = 0
double var177 = 8
double var178 = 1
double var179 = inf
double var180 = 24
double var181 = -nan
double var182 = 8
double var183 = 1
double var184 = 1
double var185 = 0
double var186 = 0
double var187 = 10
double var188 = 0
double var189 = 1
double var190 = 50.3333
double var191 = -0.997334
double var192 = 12
double var193 = inf
double var194 = 1
double var195 = 1
double var196 = 256
double var197 = 0
double var198 = 47
double var199 = 1
double var200 = -nan
double var201 = 5
double var202 = 32
double var203 = -nan
double var204 = 22
double var205 = 1
double var206 = 0
double var207 = 23
double var208 = 0
double var209 = 1
double var210 = 1
double var211 = inf
double var212 = 1
double var213 = -55
double var214 = -nan
double var215 = 1
double var216 = 21
double var217 = 1
double var218 = -nan
double var219 = 0
double var220 = 1.00196
double var221 = 0
double var222 = 0
double var223 = 0
double var224 = 2
double var225 = 13
double var226 = -40
double var227 = 1
double var228 = 1
double var229 = 0
double var230 = 2
double var231 = 32
double var232 = 17
double var233 = 1
double var234 = 1
double var235 = 1
double var236 = 1
double var237 = 28
double var238 = 1
double var239 = -1
double var240 = 1
double var241 = -216
double var242 = 25
double var243 = 4.5
double var244 = 24
double var245 = 5
double var246 = 1
double var247 = 25
double var248 = -24
double var249 = 12.0667
double var250 = 21
double var251 = 25
double var252 = 1
double var253 = 26
double var254 = 1
double var255 = 1
double var256 = 7.71429
double var257 = 0
double var258 = 1
double var259 = 7.91579
double var260 = 0
double var261 = 39
double var262 = 6
double var263 = 1
double var264 = 1
double var265 = 30
double var266 = -12
double var267 = 1
double var268 = 1
double var269 = 0
double var270 = 24
double var271 = 1
double var272 = 0
double var273 = -392
double var274 = -nan
double var275 = -1
double var276 = -695.667
double var277 = -20
double var278 = 0
double var279 = 5
double var280 = 0
double var281 = 0
double var282 = 1
double var283 = -1
double var284 = 0
double var285 = 0
double var286 = 0
double var287 = inf
double var288 = 24
double var289 = inf
double var290 = 22
double var291 = 1
double var292 = 10
double var293 = 1
double var294 = 0
double var295 = 1
double var296 = 13
double var297 = 1
double var298 = 0
double var299 = 14
double var300 = 2
double var301 = 0
double var302 = 0
double var303 = 1
double var304 = 1
double var305 = inf
double var306 = -1
double var307 = 7
double var308 = 1
double var309 = 12
double var310 = 27
double var311 = 18
double var312 = 1
double var313 = 1
double var314 = 0
double var315 = 0
double var316 = 20
double var317 = -18
double var318 = 19
double var319 = 1
double var320 = 10
double var321 = 1
double var322 = 0
double var323 = 0
double var324 = 1
double var325 = 26
double var326 = 1
double var327 = 0
double var328 = 1
double var329 = -7
double var330 = 1
double var331 = 1
double var332 = 12
double var333 = 1
double var334 = 1
double var335 = 14
double var336 = 8
double var337 = -inf
double var338 = 0
double var339 = 0
double var340 = 0
double var341 = 0
double var342 = inf
double var343 = 1
double var344 = 19
double var345 = 1
double var346 = 0
double var347 = 0
double var348 = 0.315789
double var349 = 7
double var350 = -inf
double var351 = 0
double var352 = 1
double var353 = 0
double var354 = 2
double var355 = 1
double var356 = 0
double var357 = 0.818181
double var358 = 1
double var359 = 1
double var360 = inf
double var361 = 1
double var362 = 1
double var363 = 0
double var364 = 10
double var365 = 1
double var366 = 8
double var367 = -7
double var368 = 1
double var369 = 0
double var370 = -1
double var371 = 8
double var372 = -nan
double var373 = -8
double var374 = 11
double var375 = 1
double var376 = 0
double var377 = 15.1429
double var378 = 1
double var379 = 0
double var380 = 0
double var381 = 1
double var382 = 0
double var383 = 0
double var384 = 19
double var385 = 0.833333
double var386 = 16.2353
double var387 = 11
double var388 = inf
double var389 = -23
double var390 = 0
double var391 = 9
double var392 = 1
double var393 = 14
double var394 = inf
double var395 = 0
double var396 = 0
double var397 = -19
double var398 = 0
double var399 = 1.38889
double var400 = 19
double var401 = 0
double var402 = 322
double var403 = 0.166666
double var404 = -0.933334
double var405 = 1
double var406 = 16.0526
double var407 = 9.9
double var408 = 0
double var409 = 0
double var410 = 1
double var411 = 1
double var412 = 2.15385
double var413 = 2
double var414 = 136.5
double var415 = 1
double var416 = 0
double var417 = 14
double var418 = -nan
double var419 = 41
double var420 = -nan
double var421 = inf
double var422 = 1
double var423 = 1
double var424 = 13
double var425 = 1
double var426 = 8
double var427 = 0
double var428 = 1
double var429 = 37
double var430 = 0.04546
double var431 = 16
double var432 = 1
double var433 = 1
double var434 = inf
double var435 = 24
double var436 = 0
double var437 = 1
double var438 = 0
double var439 = -6
double var440 = 20
double var441 = 6
double var442 = 1
double var443 = 40.375
double var444 = 1
double var445 = 59
double var446 = -12
double var447 = 0
double var448 = 0
double var449 = inf
double var450 = 13
double var451 = 0
double var452 = 1
double var453 = 1
double var454 = 0
double var455 = 0
double var456 = 16
double var457 = 1
double var458 = 0
double var459 = 12.9615
double var460 = 25
double var461 = 0
double var462 = 260
double var463 = 1
double var464 = 0
double var465 = 0
double var466 = 0
double var467 = 0
double var468 = 0
double var469 = 1
double var470 = 1
double var471 = 1
double var472 = 27
double var473 = 3
double var474 = 1
double var475 = 1
double var476 = 1
double var477 = 28
double var478 = 30
double var479 = 1
double var480 = 0
double var481 = inf
double var482 = 1
double var483 = 1
double var484 = 24
double var485 = 1
double var486 = 1
double var487 = 1
double var488 = 0
double var489 = 1
double var490 = -1
double var491 = 5.53333
double var492 = 1
double var493 = 0
double var494 = 2
double var495 = 76
double var496 = 2
double var497 = -16
double var498 = -nan
double var499 = -1
double var500 = 1
double var501 = 0
double var502 = inf
double var503 = 1
double var504 = 23
double var505 = 1
double var506 = 0.017391
double var507 = inf
double var508 = 11.0476
double var509 = inf
double var510 = 1
double var511 = 147
double var512 = 1
double var513 = 18
double var514 = 1
double var515 = 24.4286
double var516 = 0
double var517 = 1
double var518 = 1
double var519 = 2
double var520 = 5
double var521 = 0
double var522 = 1
double var523 = 0
double var524 = 0
double var525 = 1
double var526 = inf
double var527 = 16
double var528 = 43
double var529 = 6
double var530 = -nan
double var531 = 1
double var532 = 1
double var533 = -nan
double var534 = 280
double var535 = 0
double var536 = 0
double var537 = 12
double var538 = 0
double var539 = 0
double var540 = 1
double var541 = 0
double var542 = 0
double var543 = 18.1429
double var544 = 0.2
double var545 = 15
double var546 = 0
double var547 = 1
double var548 = -32
double var549 = inf
double var550 = 12
double var551 = 14.5263
double var552 = 1
double var553 = 1
double var554 = 0
double var555 = 6
double var556 = 23
double var557 = 0
double var558 = 21
double var559 = 0
double var560 = 22
double var561 = 0
double var562 = 0
double var563 = 0
double var564 = 7
double var565 = 0
double var566 = 0.84
double var567 = 24
double var568 = 0
double var569 = 1
double var570 = 1
double var571 = 0
double var572 = 1
double var573 = 0
double var574 = 10
double var575 = 0
double var576 = 1
double var577 = 1
double var578 = 0
double var579 = 0
double var580 = 1
double var581 = 0
double var582 = 1
double var583 = 1
double var584 = 0
double var585 = 6
double var586 = 1
double var587 = 12
double var588 = -inf
double var589 = 17
double var590 = 0
double var591 = inf
double var592 = 1.22223
double var593 = inf
double var594 = 10
double var595 = 0
double var596 = -2
double var597 = 0
double var598 = -8
double var599 = 0.25
double var600 = 1
double var601 = 1
double var602 = 28
double var603 = 1
double var604 = -0.884616
double var605 = 1
double var606 = 0
double var607 = 0
double var608 = inf
double var609 = 0
double var610 = 0
double var611 = 1
double var612 = 1
double var613 = 8
double var614 = 1
double var615 = -6
double var616 = 0
double var617 = 1
double var618 = 4
double var619 = 1
double var620 = 0
double var621 = inf
double var622 = 0
double var623 = 1
double var624 = 3
double var625 = 23
double var626 = 1
double var627 = 0
double var628 = 14
double var629 = 0
double var630 = 1
double var631 = 7
double var632 = 2
double var633 = -10
double var634 = 1
double var635 = 1
double var636 = 24
double var637 = 0
double var638 = 20
double var639 = 0
double var640 = 1
double var641 = 4
double var642 = 1
double var643 = 1
double var644 = 9
double var645 = 0
double var646 = 1
double var647 = 1
double var648 = 1
double var649 = 3
double var650 = 0
double var651 = 12
double var652 = 1
double var653 = 21
double var654 = 0
double var655 = inf
double var656 = 9.75
double var657 = 0
double var658 = 1
double var659 = 1
double var660 = 1
double var661 = 24
double var662 = 0
double var663 = 11
double var664 = 29
double var665 = 4
double var666 = 1
double var667 = -nan
double var668 = 0.71428
double var669 = 0
double var670 = 0
double var671 = 40.5
double var672 = -nan
double var673 = -nan
double var674 = -1
double var675 = -3
double var676 = 1
double var677 = 17
double var678 = 4
double var679 = 1
double var680 = 1
double var681 = 6
double var682 = -1
double var683 = 56
double var684 = 1
double var685 = 1
double var686 = 1
double var687 = 0.0198
double var688 = 1
double var689 = 21
double var690 = 15
double var691 = 0
double var692 = 10
double var693 = 6
double var694 = 0
double var695 = 0
double var696 = 1
double var697 = 22
double var698 = 1
double var699 = 22
double var700 = 26
double var701 = 1
double var702 = inf
double var703 = 0
double var704 = 1
double var705 = 1
double var706 = 26
double var707 = 1
double var708 = 0
double var709 = 1
double var710 = 0
double var711 = 24
double var712 = 0
double var713 = 0
double var714 = inf
double var715 = 0
double var716 = 1
double var717 = 1
double var718 = 1
double var719 = 1
double var720 = 37.5
double var721 = -195
double var722 = -1
double var723 = 1
double var724 = 3
double var725 = 0
double var726 = 2
double var727 = 9
double var728 = 6
double var729 = 0
double var730 = 2
double var731 = 2
double var732 = 0
double var733 = 35
double var734 = 1
double var735 = 10
double var736 = 25
double var737 = -6.6
double var738 = 0
double var739 = 1
double var740 = 0
double var741 = 1
double var742 = 2
double var743 = 0
double var744 = 1
double var745 = 2.16993
double var746 = -1
double var747 = 1
double var748 = 19
double var749 = 1
double var750 = 11
double var751 = -inf
double var752 = 20
double var753 = 24
double var754 = 1
double var755 = 11.0455
double var756 = 0
double var757 = 4.4
double var758 = 1
double var759 = 0
double var760 = 0
double var761 = 1
double var762 = inf
double var763 = 0
double var764 = -1
double var765 = 47
double var766 = 17
double var767 = 0
double var768 = 1
double var769 = inf
double var770 = 1
double var771 = 1
double var772 = -1
double var773 = 8
double var774 = -70.3492
double var775 = 0
double var776 = 1
double var777 = 0
double var778 = 11
double var779 = 31
double var780 = 13
double var781 = 21
double var782 = 0
double var783 = 45
double var784 = 0
double var785 = 22
double var786 = -nan
double var787 = -inf
double var788 = 23
double var789 = 16
double var790 = 1
double var791 = -16
double var792 = 6
double var793 = 0
double var794 = 8
double var795 = 1
double var796 = 1
double var797 = 1
double var798 = -1
double var799 = inf
double var800 = 1
double var801 = 0
double var802 = 10
double var803 = 0
double var804 = inf
double var805 = 0
double var806 = 1
double var807 = 1
double var808 = inf
double var809 = 21
double var810 = 0
double var811 = 0
double var812 = 1
double var813 = 1
double var814 = -nan
double var815 = 15
double var816 = 1
double var817 = 24
double var818 = 8
double var819 = 16
double var820 = 1
double var821 = 1
double var822 = 1.125
double var823 = 0
double var824 = 3
double var825 = 1
double var826 = 1
double var827 = -nan
double var828 = inf
double var829 = 1
double var830 = 1
double var831 = 0
double var832 = 1
double var833 = 12
double var834 = -240
double var835 = 1
double var836 = 1
double var837 = 1
double var838 = 1
double var839 = -8
double var840 = 1
double var841 = 1
double var842 = 0
double var843 = 10.5
double var844 = 0.2
double var845 = 1
double var846 = -1
double var847 = 1
double var848 = -1
double var849 = 21
double var850 = 0
double var851 = 0
double var852 = 1
double var853 = 0
double var854 = 25
double var855 = 23
double var856 = 56
double var857 = 1
double var858 = 5
double var859 = -24
double var860 = 137
double var861 = 0
double var862 = 0
double var863 = -7
double var864 = 21
double var865 = 1
double var866 = -6
double var867 = 1
double var868 = 1
double var869 = 1
double var870 = 1
double var871 = 1
double var872 = 27
double var873 = 30
double var874 = -32.25
double var875 = -1
double var876 = 0
double var877 = 1
double var878 = 0
double var879 = inf
double var880 = -nan
double var881 = 6
double var882 = 1
double var883 = -3
double var884 = 0
double var885 = 1
double var886 = 25
double var887 = 0
double var888 = 1
double var889 = 5
double var890 = 1
double var891 = 16
double var892 = 22
double var893 = -16
double var894 = 24
double var895 = 0
double var896 = 4.16667
double var897 = 1
double var898 = 0
double var899 = 0
double var900 = 293
double var901 = 1
double var902 = 1
double var903 = 1
double var904 = 3
double var905 = 0
double var906 = -inf
double var907 = 1
double var908 = 1
double var909 = 5
double var910 = 19
double var911 = 1
double var912 = 1
double var913 = 1
double var914 = 0
double var915 = 3
double var916 = 0
double var917 = 96
double var918 = 1
double var919 = 1
double var920 = 1
double var921 = -nan
double var922 = 1
double var923 = 5
double var924 = 177.833
double var925 = -623
double var926 = 0
double var927 = 0
double var928 = 1
double var929 = 20
double var930 = 1
double var931 = 1
double var932 = 0
double var933 = 1
double var934 = 78.5
double var935 = 0
double var936 = 0
double var937 = 0
double var938 = 2
double var939 = 1.5
double var940 = 0
double var941 = -9
double var942 = 17
double var943 = 1
double var944 = 2
double var945 = 17
double var946 = 23
double var947 = 3.27273
double var948 = inf
double var949 = 13
double var950 = 1
double var951 = 18
double var952 = -inf
double var953 = -inf
double var954 = 0
double var955 = 1
double var956 = 37
double var957 = 24
double var958 = 0
double var959 = 1
double var960 = 8
double var961 = 2
double var962 = 1
double var963 = 113
double var964 = -9
double var965 = 1
double var966 = 1
double var967 = 1
double var968 = 1
double var969 = 1
double var970 = 1
double var971 = 1
double var972 = 0
double var973 = 4
double var974 = 0
double var975 = 0
double var976 = inf
double var977 = 0
double var978 = 0
double var979 = 1
double var980 = -1
double var981 = 1
double var982 = 0
double var983 = 1
double var984 = 1
double var985 = 23
double var986 = 3
double var987 = 1
double var988 = 2
double var989 = -3
double var990 = 27
double var991 = -4
double var992 = 11
double var993 = 14
double var994 = inf
double var995 = 21
double var996 = 2
double var997 = 26
double var998 = 0
double var999 = inf
double w = 23
double x = 24
double y = 25
double z = 26
Graphics is turned off by the Makefile.  Program exiting.

gpl.cpp::main() done.
